<?xml version="1.0" encoding="UTF-8"?>
<!-- Generated by org.testng.reporters.JUnitReportReporter -->
<testsuite hostname="Sourabh" failures="0" tests="3" name="org.Automation.TestNG.DataProvider.ToReadMulltipleDatasFromExcel" time="47.550" errors="0" timestamp="2026-01-20T21:18:24 IST" skipped="0">
  <testcase classname="org.Automation.TestNG.DataProvider.ToReadMulltipleDatasFromExcel" name="invalidLogin" time="15.546"/>
  <testcase classname="org.Automation.TestNG.DataProvider.ToReadMulltipleDatasFromExcel" name="invalidLogin" time="9.630"/>
  <testcase classname="org.Automation.TestNG.DataProvider.ToReadMulltipleDatasFromExcel" name="invalidLogin" time="22.374"/>
</testsuite> <!-- org.Automation.TestNG.DataProvider.ToReadMulltipleDatasFromExcel -->
