<?xml version="1.0" encoding="UTF-8"?>
<!-- Generated by org.testng.reporters.JUnitReportReporter -->
<testsuite hostname="Sourabh" failures="0" tests="1" name="org.Automation.TestNG.DistributiveParallelExecution.SachinTendulkar" time="7.912" errors="0" timestamp="2026-01-09T10:52:46 IST" skipped="0">
  <testcase classname="org.Automation.TestNG.DistributiveParallelExecution.SachinTendulkar" name="Sachin" time="7.912"/>
</testsuite> <!-- org.Automation.TestNG.DistributiveParallelExecution.SachinTendulkar -->
