<?xml version="1.0" encoding="UTF-8"?>
<!-- Generated by org.testng.reporters.JUnitReportReporter -->
<testsuite hostname="Sourabh" failures="0" tests="1" name="org.Automation.TestNG.DistributiveParallelExecution.RavindraJadeja" time="12.708" errors="0" timestamp="2026-01-09T10:52:46 IST" skipped="0">
  <testcase classname="org.Automation.TestNG.DistributiveParallelExecution.RavindraJadeja" name="Jadeja" time="12.708"/>
</testsuite> <!-- org.Automation.TestNG.DistributiveParallelExecution.RavindraJadeja -->
