<?xml version="1.0" encoding="UTF-8"?>
<!-- Generated by org.testng.reporters.JUnitReportReporter -->
<testsuite hostname="Sourabh" failures="0" tests="1" name="org.Automation.TestNG.DistributiveParallelExecution.RohitSharma" time="13.881" errors="0" timestamp="2026-01-09T10:52:46 IST" skipped="0">
  <testcase classname="org.Automation.TestNG.DistributiveParallelExecution.RohitSharma" name="Rohit" time="13.881"/>
</testsuite> <!-- org.Automation.TestNG.DistributiveParallelExecution.RohitSharma -->
