<?xml version="1.0" encoding="UTF-8"?>
<!-- Generated by org.testng.reporters.JUnitXMLReporter -->
<testsuite ignored="0" hostname="Sourabh" failures="0" tests="2" name="Test2" time="23.567" errors="0" timestamp="2026-01-09T10:52:30 IST">
  <testcase classname="org.Automation.TestNG.DistributiveParallelExecution.HardikPandya" name="Pandya" time="10.734"/>
  <testcase classname="org.Automation.TestNG.DistributiveParallelExecution.RavindraJadeja" name="Jadeja" time="12.708"/>
</testsuite> <!-- Test2 -->
