<?xml version="1.0" encoding="UTF-8"?>
<testng-results ignored="0" total="1" passed="1" failed="0" skipped="0">
  <reporter-output>
    <line>
      <![CDATA[Product is removed from cart!]]>
    </line>
  </reporter-output>
  <suite started-at="2026-01-22T10:36:10 IST" name="Default suite" finished-at="2026-01-22T10:36:43 IST" duration-ms="33675">
    <groups>
    </groups>
    <test started-at="2026-01-22T10:36:10 IST" name="Default test" finished-at="2026-01-22T10:36:43 IST" duration-ms="33675">
      <class name="ModularFramework_POM.RemoveProductFromCart_TC001_Test">
        <test-method is-config="true" signature="browserSetup()[pri:0, instance:ModularFramework_POM.RemoveProductFromCart_TC001_Test@6f4a47c7]" started-at="2026-01-22T10:36:10 IST" name="browserSetup" finished-at="2026-01-22T10:36:15 IST" duration-ms="5793" status="PASS">
          <reporter-output>
          </reporter-output>
        </test-method> <!-- browserSetup -->
        <test-method is-config="true" signature="login()[pri:0, instance:ModularFramework_POM.RemoveProductFromCart_TC001_Test@6f4a47c7]" started-at="2026-01-22T10:36:15 IST" name="login" finished-at="2026-01-22T10:36:19 IST" duration-ms="3623" status="PASS">
          <reporter-output>
          </reporter-output>
        </test-method> <!-- login -->
        <test-method signature="removeproduct()[pri:0, instance:ModularFramework_POM.RemoveProductFromCart_TC001_Test@6f4a47c7]" started-at="2026-01-22T10:36:19 IST" name="removeproduct" finished-at="2026-01-22T10:36:42 IST" duration-ms="22450" status="PASS">
          <reporter-output>
            <line>
              <![CDATA[Product is removed from cart!]]>
            </line>
          </reporter-output>
        </test-method> <!-- removeproduct -->
        <test-method is-config="true" signature="logout()[pri:0, instance:ModularFramework_POM.RemoveProductFromCart_TC001_Test@6f4a47c7]" started-at="2026-01-22T10:36:42 IST" name="logout" finished-at="2026-01-22T10:36:43 IST" duration-ms="1306" status="PASS">
          <reporter-output>
          </reporter-output>
        </test-method> <!-- logout -->
        <test-method is-config="true" signature="browserTearDown()[pri:0, instance:ModularFramework_POM.RemoveProductFromCart_TC001_Test@6f4a47c7]" started-at="2026-01-22T10:36:43 IST" name="browserTearDown" finished-at="2026-01-22T10:36:43 IST" duration-ms="398" status="PASS">
          <reporter-output>
          </reporter-output>
        </test-method> <!-- browserTearDown -->
      </class> <!-- ModularFramework_POM.RemoveProductFromCart_TC001_Test -->
    </test> <!-- Default test -->
  </suite> <!-- Default suite -->
</testng-results>
